[18:34:48.146]: CPU Name: Intel(R) Core(TM) i7-9700K CPU @ 3.60GHz
[18:34:48.148]: CPU Speed: 3600MHz
[18:34:48.148]: Physical Cores: 8, Logical Cores: 8
[18:34:48.244]: Physical Memory: 32702MB Total, 15189MB Free
[18:34:48.244]: Operating System: Microsoft Windows 10 Home Build 19043 (64-bit)
[18:34:48.245]: Available Disks:
[18:34:48.267]:    Letter: C:, Name: Windows, File System: NTFS, 465GB Total, 187GB Free
[18:34:48.267]:    Letter: D:, Name: Fast Games, File System: NTFS, 931GB Total, 571GB Free
[18:34:48.268]:    Letter: E:, Name: Documents, File System: NTFS, 931GB Total, 738GB Free
[18:34:48.269]:    Letter: F:, Name: Games, File System: NTFS, 931GB Total, 504GB Free
[18:34:48.273]:    Letter: G:, Name: Videos, File System: NTFS, 3726GB Total, 3127GB Free
[18:34:48.280]:    Letter: H:, Name: My Passport, File System: NTFS, 1862GB Total, 875GB Free
[18:34:48.288]: ---------------------------------
[18:34:48.288]: Apex RP Tracker  v4.0 (Beta)
[18:34:48.288]: ---------------------------------
[18:34:48.288]: Loaded Modules:
[18:34:48.297]:    ApexStreamDisplay.exe
[18:34:48.297]:    ntdll.dll
[18:34:48.297]:    MSCOREE.DLL
[18:34:48.297]:    KERNEL32.dll
[18:34:48.297]:    KERNELBASE.dll
[18:34:48.297]:    ADVAPI32.dll
[18:34:48.297]:    msvcrt.dll
[18:34:48.297]:    sechost.dll
[18:34:48.297]:    RPCRT4.dll
[18:34:48.297]:    mscoreei.dll
[18:34:48.297]:    SHLWAPI.dll
[18:34:48.297]:    kernel.appcore.dll
[18:34:48.297]:    VERSION.dll
[18:34:48.297]:    clr.dll
[18:34:48.297]:    USER32.dll
[18:34:48.297]:    VCRUNTIME140_CLR0400.dll
[18:34:48.297]:    ucrtbase_clr0400.dll
[18:34:48.297]:    win32u.dll
[18:34:48.297]:    GDI32.dll
[18:34:48.297]:    gdi32full.dll
[18:34:48.297]:    msvcp_win.dll
[18:34:48.297]:    ucrtbase.dll
[18:34:48.297]:    IMM32.DLL
[18:34:48.297]:    mscorlib.ni.dll
[18:34:48.297]:    ole32.dll
[18:34:48.297]:    combase.dll
[18:34:48.297]:    bcryptPrimitives.dll
[18:34:48.297]:    uxtheme.dll
[18:34:48.297]:    clrjit.dll
[18:34:48.297]:    OLEAUT32.dll
[18:34:48.298]:    System.ni.dll
[18:34:48.298]:    System.Drawing.ni.dll
[18:34:48.298]:    System.Windows.Forms.ni.dll
[18:34:48.298]:    IconCodecService.dll
[18:34:48.298]:    WindowsCodecs.dll
[18:34:48.298]:    bcrypt.dll
[18:34:48.298]:    System.Core.ni.dll
[18:34:48.298]:    System.Configuration.ni.dll
[18:34:48.298]:    System.Xml.ni.dll
[18:34:48.298]:    shell32.dll
[18:34:48.298]:    windows.storage.dll
[18:34:48.298]:    Wldp.dll
[18:34:48.298]:    SHCORE.dll
[18:34:48.298]:    profapi.dll
[18:34:48.298]:    CRYPTSP.dll
[18:34:48.298]:    rsaenh.dll
[18:34:48.298]:    CRYPTBASE.dll
[18:34:48.298]:    comctl32.dll
[18:34:48.298]:    gdiplus.dll
[18:34:48.298]:    DWrite.dll
[18:34:48.298]:    MSCTF.dll
[18:34:48.298]:    TextShaping.dll
[18:34:48.298]:    System.Management.ni.dll
[18:34:48.298]:    clbcatq.dll
[18:34:48.298]:    wmiutils.dll
[18:34:48.298]:    wbemcomn.dll
[18:34:48.298]:    wbemprox.dll
[18:34:48.298]:    WS2_32.dll
[18:34:48.298]:    wminet_utils.dll
[18:34:48.298]:    wbemsvc.dll
[18:34:48.298]:    fastprox.dll
[18:34:48.298]:    amsi.dll
[18:34:48.298]:    USERENV.dll
[18:34:48.298]:    MpOav.dll
[18:34:48.298]:    psapi.dll
[18:34:48.389]: Loading API info:
[18:34:48.389]:    Username:TheGuitarleader
[18:34:48.390]:    ApiKey:5vH9DcoCcNFDfEWBFPbP
[18:34:48.390]:    StaringRP:4910
[18:34:48.390]:    OutputFormat:$rp
[18:34:48.390]:    OutputRPFormat:$rank ($rp)
[18:34:48.390]: ==== Startup Complete ======================
